2023.08.30 13:56:30 INFO  Started: Metals version 1.0.0 in folders '/Users/kimberleymorgan/Desktop/learning/essential-scala' for client Visual Studio Code 1.81.1.
Aug 30, 2023 1:56:30 PM org.flywaydb.core.internal.license.VersionPrinter printVersionOnly
INFO: Flyway Community Edition 9.20.1 by Redgate
Aug 30, 2023 1:56:31 PM org.flywaydb.core.internal.license.VersionPrinter printVersion
INFO: See release notes here: https://rd.gt/416ObMi
Aug 30, 2023 1:56:31 PM org.flywaydb.core.internal.license.VersionPrinter printVersion
INFO: 
Aug 30, 2023 1:56:31 PM org.flywaydb.core.internal.database.base.BaseDatabaseType createDatabase
INFO: Database: jdbc:h2:file:/Users/kimberleymorgan/Desktop/learning/essential-scala/.metals/metals (H2 2.1)
Aug 30, 2023 1:56:31 PM org.flywaydb.core.internal.schemahistory.JdbcTableSchemaHistory allAppliedMigrations
INFO: Schema history table "PUBLIC"."flyway_schema_history" does not exist yet
Aug 30, 2023 1:56:31 PM org.flywaydb.core.internal.command.DbValidate validate
INFO: Successfully validated 4 migrations (execution time 00:00.028s)
Aug 30, 2023 1:56:31 PM org.flywaydb.core.internal.schemahistory.JdbcTableSchemaHistory create
INFO: Creating Schema History table "PUBLIC"."flyway_schema_history" ...
Aug 30, 2023 1:56:31 PM org.flywaydb.core.internal.command.DbMigrate migrateGroup
INFO: Current version of schema "PUBLIC": << Empty Schema >>
Aug 30, 2023 1:56:31 PM org.flywaydb.core.internal.command.DbMigrate doMigrateGroup
INFO: Migrating schema "PUBLIC" to version "1 - Create tables"
Aug 30, 2023 1:56:31 PM org.flywaydb.core.internal.command.DbMigrate doMigrateGroup
INFO: Migrating schema "PUBLIC" to version "2 - Server discovery"
Aug 30, 2023 1:56:31 PM org.flywaydb.core.internal.command.DbMigrate doMigrateGroup
INFO: Migrating schema "PUBLIC" to version "3 - Jar symbols"
Aug 30, 2023 1:56:31 PM org.flywaydb.core.internal.command.DbMigrate doMigrateGroup
INFO: Migrating schema "PUBLIC" to version "4 - Fingerprints"
Aug 30, 2023 1:56:31 PM org.flywaydb.core.internal.command.DbMigrate logSummary
INFO: Successfully applied 4 migrations to schema "PUBLIC", now at version v4 (execution time 00:00.048s)
2023.08.30 13:56:32 INFO  time: initialize in 1.21s
2023.08.30 13:56:36 WARN  Build server is not auto-connectable.
2023.08.30 13:56:50 INFO  no build target found for /Users/kimberleymorgan/Desktop/learning/essential-scala/src/main/scala/chapter_1/FirstSteps.sc. Using presentation compiler with project's scala-library version: 3.3.0
2023.08.31 13:01:42 INFO  Shutting down server
2023.08.31 13:01:42 INFO  shutting down Metals
2023.08.31 13:01:42 INFO  Exiting server
